<?xml version="1.0" encoding="UTF-8"?>
<!-- Generated by org.testng.reporters.JUnitXMLReporter -->
<testsuite ignored="1" hostname="Nandhikas-MBP" failures="0" tests="1" name="Default test" time="3.607" errors="0" timestamp="2024-11-10T15:29:45 MST">
  <testcase classname="org.techArk.tests.CRUD.DeleteRepoTest" name="testDeleteRepositorywithnonexistingname" time="3.573"/>
  <testcase classname="org.techArk.tests.CRUD.DeleteRepoTest" name="testDeleteRepository" time="0.0">
    <ignored/>
  </testcase> <!-- testDeleteRepository -->
</testsuite> <!-- Default test -->
