<?xml version="1.0" encoding="UTF-8"?>
<testng-results ignored="1" total="2" passed="1" failed="0" skipped="0">
  <reporter-output>
  </reporter-output>
  <suite started-at="2024-11-10T15:29:42 MST" name="Default suite" finished-at="2024-11-10T15:29:45 MST" duration-ms="3607">
    <groups>
    </groups>
    <test started-at="2024-11-10T15:29:42 MST" name="Default test" finished-at="2024-11-10T15:29:45 MST" duration-ms="3607">
      <class name="org.techArk.tests.CRUD.DeleteRepoTest">
        <test-method is-config="true" signature="beforeSuite()[pri:0, instance:org.techArk.tests.CRUD.DeleteRepoTest@2b48a640]" started-at="2024-11-10T15:29:42 MST" name="beforeSuite" finished-at="2024-11-10T15:29:42 MST" duration-ms="125" status="PASS">
          <reporter-output>
          </reporter-output>
        </test-method> <!-- beforeSuite -->
        <test-method signature="testDeleteRepositorywithnonexistingname()[pri:0, instance:org.techArk.tests.CRUD.DeleteRepoTest@2b48a640]" started-at="2024-11-10T15:29:42 MST" name="testDeleteRepositorywithnonexistingname" description="Delete a repository with non-existing name" finished-at="2024-11-10T15:29:45 MST" duration-ms="3573" status="PASS">
          <reporter-output>
          </reporter-output>
        </test-method> <!-- testDeleteRepositorywithnonexistingname -->
      </class> <!-- org.techArk.tests.CRUD.DeleteRepoTest -->
    </test> <!-- Default test -->
  </suite> <!-- Default suite -->
</testng-results>
